{"level":"error","message":"no token found!","timestamp":"2014-08-07T20:14:02.490Z"}
{"level":"error","message":"Error, User directory not created","timestamp":"2014-08-11T15:02:15.384Z"}
{"level":"error","message":"Error, File directory not created","timestamp":"2014-08-11T15:21:06.113Z"}
{"level":"error","message":"Error, User directory not created","timestamp":"2014-08-11T15:24:33.466Z"}
{"level":"error","message":"Error, File directory not created","timestamp":"2014-08-11T15:38:24.388Z"}
{"level":"error","message":"true","timestamp":"2014-08-11T16:42:51.233Z"}
{"level":"error","message":"true","timestamp":"2014-08-11T16:44:36.238Z"}
{"level":"error","message":"true","timestamp":"2014-08-11T16:50:40.962Z"}
{"level":"error","message":"true","timestamp":"2014-08-11T16:59:26.188Z"}
{"level":"error","message":"fileLib.currFileLogistics Path callback Error  true","timestamp":"2014-08-11T17:00:05.000Z"}
{"level":"error","message":"fileLib.currFileLogistics Path callback Error  true","timestamp":"2014-08-11T17:01:47.753Z"}
{"level":"error","message":"fileLib.currFileLogistics Path callback Error  true","timestamp":"2014-08-11T17:07:38.522Z"}
{"level":"error","message":"fileLib.currFileLogistics Path callback Error  true","timestamp":"2014-08-11T17:10:40.446Z"}
{"level":"error","message":"fileLib.currFileLogistics Path callback Error  true","timestamp":"2014-08-11T20:31:02.024Z"}
{"errno":47,"code":"EEXIST","path":"/Users/tomasbulva/Dropbox/apollo/mrak/uploads/53dfd9d01bd00c1bfad15fbe","level":"error","message":"fileLib.currFileLogistics Path callback Error ","timestamp":"2014-08-11T20:31:02.037Z"}
{"message":"writeFileInfoDB Error: ","name":"ValidationError","errors":{"meta.hash":{"message":"Path `meta.hash` is required.","name":"ValidatorError","path":"meta.hash","type":"required"}},"level":"error","timestamp":"2014-08-11T21:25:58.997Z"}
{"message":"writeFileInfoDB Error: ","name":"ValidationError","errors":{"meta.hash":{"message":"Path `meta.hash` is required.","name":"ValidatorError","path":"meta.hash","type":"required"}},"level":"error","timestamp":"2014-08-11T21:26:21.479Z"}
{"message":"writeFileInfoDB Error: ","name":"ValidationError","errors":{"meta.hash":{"message":"Path `meta.hash` is required.","name":"ValidatorError","path":"meta.hash","type":"required"}},"level":"error","timestamp":"2014-08-11T21:29:33.906Z"}
{"level":"error","message":"writeVersionInfoDB readVersions error: ","timestamp":"2014-08-12T04:21:33.766Z"}
{"level":"error","message":"writeVersionInfoDB readVersions error: ","timestamp":"2014-08-12T04:22:20.767Z"}
{"level":"error","message":"writeVersionInfoDB readVersions error: ","timestamp":"2014-08-12T14:25:19.226Z"}
{"level":"error","message":"writeVersionInfoDB readVersions error: ","timestamp":"2014-08-12T14:30:17.840Z"}
{"level":"error","message":"writeVersionInfoDB readVersions error: ","timestamp":"2014-08-12T15:00:29.238Z"}
{"level":"error","message":"writeVersionInfoDB readVersions error: ","timestamp":"2014-08-12T15:32:12.376Z"}
{"level":"error","message":"writeVersionInfoDB readVersions error: ","timestamp":"2014-08-12T15:33:37.793Z"}
{"level":"error","message":"writeVersionInfoDB writeVersions write new:  error: ","timestamp":"2014-08-12T15:33:37.794Z"}
{"level":"error","message":"writeVersionInfoDB readVersions error: ","timestamp":"2014-08-12T15:39:00.522Z"}
{"level":"error","message":"writeVersionInfoDB readVersions error: ","timestamp":"2014-08-12T15:58:37.078Z"}
{"level":"error","message":"writeVersionInfoDB readVersions error: ","timestamp":"2014-08-12T15:59:04.184Z"}
{"level":"error","message":"writeVersionInfoDB readVersions error: \n","timestamp":"2014-08-12T16:03:03.294Z"}
{"level":"error","message":"writeVersionInfoDB readVersions error: \n","timestamp":"2014-08-12T16:04:59.540Z"}
{"level":"error","message":"writeVersionInfoDB readVersions error: \n","timestamp":"2014-08-12T16:05:57.346Z"}
{"level":"error","message":"writeVersionInfoDB readVersions error: \n","timestamp":"2014-08-12T16:06:16.801Z"}
{"level":"error","message":"writeVersionInfoDB readVersions error: \n","timestamp":"2014-08-12T16:08:19.696Z"}
{"message":"writeToDB writeFileUpdateCb file record lookup error: \n","name":"CastError","type":"ObjectId","value":"ObjectId(53dfd9d01bd00c1bfad15fbe)","path":"users.owner","level":"error","timestamp":"2014-08-12T22:37:27.321Z"}
{"level":"error","message":"no token found!","timestamp":"2014-08-13T18:16:57.437Z"}
{"message":"","name":"ValidationError","errors":{"email":{"message":"Path `email` is required.","name":"ValidatorError","path":"email","type":"required","value":null}},"level":"error","timestamp":"2014-08-15T16:27:59.390Z"}
{"message":"","name":"ValidationError","errors":{"email":{"message":"Email address is required","name":"ValidatorError","path":"email","type":"required","value":null}},"level":"error","timestamp":"2014-08-15T16:39:38.486Z"}
{"message":"","name":"ValidationError","errors":{"email":{"message":"Email address is required","name":"ValidatorError","path":"email","type":"required","value":null}},"level":"error","timestamp":"2014-08-15T16:41:20.867Z"}
{"message":"","name":"ValidationError","errors":{"email":{"message":"Email address is required","name":"ValidatorError","path":"email","type":"required","value":null}},"level":"error","timestamp":"2014-08-15T16:42:17.635Z"}
{"message":"","name":"ValidationError","errors":{"email":{"message":"Password is required","name":"ValidatorError","path":"email","type":"required","value":null}},"level":"error","timestamp":"2014-08-15T16:59:59.157Z"}
{"message":"","name":"ValidationError","errors":{"email":{"message":"Password is required","name":"ValidatorError","path":"email","type":"required","value":null}},"level":"error","timestamp":"2014-08-15T17:00:47.471Z"}
{"message":"","name":"ValidationError","errors":{"email":{"message":"Password is required","name":"ValidatorError","path":"email","type":"required","value":null}},"level":"error","timestamp":"2014-08-15T18:11:04.024Z"}
{"message":"","name":"ValidationError","errors":{"email":{"message":"email is required","name":"ValidatorError","path":"email","type":"required","value":null}},"level":"error","timestamp":"2014-08-15T18:13:54.682Z"}
{"message":"","name":"ValidationError","errors":{"username":{"message":"unique","name":"ValidatorError","path":"username","type":"user defined","value":"tom"},"email":{"message":"unique","name":"ValidatorError","path":"email","type":"user defined","value":"tom.bulva@gmail.com"}},"level":"error","timestamp":"2014-08-15T18:17:26.544Z"}
{"message":"api/index > user create Error ","name":"ValidationError","errors":{"username":{"message":"unique","name":"ValidatorError","path":"username","type":"user defined","value":"tom"},"email":{"message":"unique","name":"ValidatorError","path":"email","type":"user defined","value":"tom.bulva@gmail.com"}},"level":"error","timestamp":"2014-08-15T18:17:26.545Z"}
